Removed Pin From Net: NetName=GND Pin=C18-1
Removed Pin From Net: NetName=12V Pin=C18-2
Removed Pin From Net: NetName=5V Pin=C20-1
Removed Pin From Net: NetName=GND Pin=C20-2
Removed Pin From Net: NetName=3.3V Pin=R42-2
Removed Member From Class: ClassName=BOARD4_quangnguyen Member=C18
Removed Member From Class: ClassName=BOARD4_quangnguyen Member=C20
Removed Member From Class: ClassName=BOARD4_quangnguyen Member=R42
Change Component Footprint: Designator=1N5408 Old Footprint=*DIOM8059X265N New Footprint=SM-DIODE
Change Component Footprint: Designator=C17 Old Footprint=CP1.5/3.4 New Footprint=CP2/4
Change Component Footprint: Designator=C21 Old Footprint=CP1/2 New Footprint=CP1/2.5
Change Component Footprint: Designator=3.3V Old Footprint=HED2 New Footprint=JP4F
Change Component Footprint: Designator=5V Old Footprint=HED2 New Footprint=JP4F
Change Component Footprint: Designator=D1 Old Footprint=LED-5-RED New Footprint=LED-5-BLUE
Change Component Footprint: Designator=IC1 Old Footprint=QTO-220 New Footprint=QTO-220H3
Change Component Comment : Designator=C21 Old Comment=10uF New Comment=100uF
Change Component Comment : Designator=C19 Old Comment=100uF/35V New Comment=0.1uF
Change Component Comment : Designator=C17 Old Comment=100uF/35V New Comment=1000uF
Change Component Comment : Designator=1N5408 Old Comment=Diode New Comment=1N4007
Change Component Comment : Designator=3.3V Old Comment=Header 2_1 New Comment=JP4
Change Component Comment : Designator=5V Old Comment=Header 2_1 New Comment=JP4
Change Component Designator: OldDesignator=1N5408 NewDesignator=D3
Change Component Designator: OldDesignator=C17 NewDesignator=C1
Change Component Designator: OldDesignator=C19 NewDesignator=C3
Change Component Designator: OldDesignator=D1 NewDesignator=L2
Change component parameters: Designator = "C1"; Footprint = "CP2/4"; UniqueID = "\MNXSNKRV"
Change component parameters. Clean all parameters for all variants
Change component parameters (AddParameter): Name = "Description 1"; Value = "1000uF/6,3V - 470uF/16V - 330uF - 25V"; VariantName = "[No Variations]"
Change component parameters (AddParameter): Name = "Description 2"; Value = "220uF/35V - 100uF/50V - 63V - 4,7uF/200V"; VariantName = "[No Variations]"
Change component parameters (AddParameter): Name = "Description 3"; Value = "22uF => 33uF100V - 3,3uF => 4,7uF/250V"; VariantName = "[No Variations]"
Change component parameters (AddParameter): Name = "Description 4"; Value = "2,2uF =>3,3uF/350 - 2,2uF/400V - 1uF/450V"; VariantName = "[No Variations]"
Change component parameters (AddParameter): Name = "Value"; Value = "100uF/16V"; VariantName = "[No Variations]"
Change component parameters: Designator = "C3"; Footprint = "CP1.5/3.4"; UniqueID = "\LFNKORLT"
Change component parameters. Clean all parameters for all variants
Change component parameters (AddParameter): Name = "Description 1"; Value = "1000uF/6,3V - 470uF/16V - 330uF - 25V"; VariantName = "[No Variations]"
Change component parameters (AddParameter): Name = "Description 2"; Value = "220uF/35V - 100uF/50V - 63V - 4,7uF/200V"; VariantName = "[No Variations]"
Change component parameters (AddParameter): Name = "Description 3"; Value = "22uF => 33uF100V - 3,3uF => 4,7uF/250V"; VariantName = "[No Variations]"
Change component parameters (AddParameter): Name = "Description 4"; Value = "2,2uF =>3,3uF/350 - 2,2uF/400V - 1uF/450V"; VariantName = "[No Variations]"
Change component parameters (AddParameter): Name = "Value"; Value = "0.1uF/16V"; VariantName = "[No Variations]"
Change component parameters: Designator = "3.3V"; Footprint = "JP4F"; UniqueID = "\QVOTCLHI"
Change component parameters. Clean all parameters for all variants
Change component parameters: Designator = "5V"; Footprint = "JP4F"; UniqueID = "\TCMBUVGF"
Change component parameters. Clean all parameters for all variants
Added Component: Designator=C2(CP1/2)
Add component. Clean all parameters for all variants
Add component (AddParameter): Name = "Description 1"; Value = "1000uF/6,3V - 470uF/16V - 330uF - 25V"; VariantName = "[No Variations]"
Add component (AddParameter): Name = "Description 2"; Value = "220uF/35V - 100uF/50V - 63V - 4,7uF/200V"; VariantName = "[No Variations]"
Add component (AddParameter): Name = "Description 3"; Value = "22uF => 33uF100V - 3,3uF => 4,7uF/250V"; VariantName = "[No Variations]"
Add component (AddParameter): Name = "Description 4"; Value = "2,2uF =>3,3uF/350 - 2,2uF/400V - 1uF/450V"; VariantName = "[No Variations]"
Add component (AddParameter): Name = "Value"; Value = "0.33uF/16V"; VariantName = "[No Variations]"
Added Component: Designator=C4(CP1/2.5)
Add component. Clean all parameters for all variants
Add component (AddParameter): Name = "Description 1"; Value = "1000uF/6,3V - 470uF/16V - 330uF - 25V"; VariantName = "[No Variations]"
Add component (AddParameter): Name = "Description 2"; Value = "220uF/35V - 100uF/50V - 63V - 4,7uF/200V"; VariantName = "[No Variations]"
Add component (AddParameter): Name = "Description 3"; Value = "22uF => 33uF100V - 3,3uF => 4,7uF/250V"; VariantName = "[No Variations]"
Add component (AddParameter): Name = "Description 4"; Value = "2,2uF =>3,3uF/350 - 2,2uF/400V - 1uF/450V"; VariantName = "[No Variations]"
Add component (AddParameter): Name = "Value"; Value = "100uF/35V/50V"; VariantName = "[No Variations]"
Added Component: Designator=C5(CP1/2)
Add component. Clean all parameters for all variants
Add component (AddParameter): Name = "Description 1"; Value = "1000uF/6,3V - 470uF/16V - 330uF - 25V"; VariantName = "[No Variations]"
Add component (AddParameter): Name = "Description 2"; Value = "220uF/35V - 100uF/50V - 63V - 4,7uF/200V"; VariantName = "[No Variations]"
Add component (AddParameter): Name = "Description 3"; Value = "22uF => 33uF100V - 3,3uF => 4,7uF/250V"; VariantName = "[No Variations]"
Add component (AddParameter): Name = "Description 4"; Value = "2,2uF =>3,3uF/350 - 2,2uF/400V - 1uF/450V"; VariantName = "[No Variations]"
Add component (AddParameter): Name = "Value"; Value = "10uF/16V"; VariantName = "[No Variations]"
Added Component: Designator=D1(SM-DIODE)
Add component. Clean all parameters for all variants
Add component (AddParameter): Name = "Code - JEDEC"; Value = "DO-214-AB"; VariantName = "[No Variations]"
Add component (AddParameter): Name = "Published"; Value = "8-Jun-2000"; VariantName = "[No Variations]"
Add component (AddParameter): Name = "Publisher"; Value = "Altium Limited"; VariantName = "[No Variations]"
Add component (AddParameter): Name = "Revision"; Value = "July-2002: Re-released for DXP Platform."; VariantName = "[No Variations]"
Add component (AddParameter): Name = "Value"; Value = "1N5007"; VariantName = "[No Variations]"
Added Component: Designator=Fuse(Fuse)
Add component. Clean all parameters for all variants
Add component (AddParameter): Name = "Designed by"; Value = "VanDungEvn"; VariantName = "[No Variations]"
Add component (AddParameter): Name = "Value"; Value = "Fuse"; VariantName = "[No Variations]"
Added Component: Designator=L1(LED-5-RED)
Add component. Clean all parameters for all variants
Add component (AddParameter): Name = "LatestRevisionDate"; Value = "08-Jul-2005"; VariantName = "[No Variations]"
Add component (AddParameter): Name = "LatestRevisionNote"; Value = "Mech Layer 1 removed."; VariantName = "[No Variations]"
Add component (AddParameter): Name = "PackageReference"; Value = "LED-1"; VariantName = "[No Variations]"
Add component (AddParameter): Name = "Published"; Value = "8-Jun-2000"; VariantName = "[No Variations]"
Add component (AddParameter): Name = "Publisher"; Value = "Altium Limited"; VariantName = "[No Variations]"
Added Component: Designator=R1(SM-RES-0805)
Add component. Clean all parameters for all variants
Add component (AddParameter): Name = "Class"; Value = "Passive"; VariantName = "[No Variations]"
Add component (AddParameter): Name = "Manufacturer"; Value = "Generic Components"; VariantName = "[No Variations]"
Add component (AddParameter): Name = "Published"; Value = "08/06/2000"; VariantName = "[No Variations]"
Add component (AddParameter): Name = "Publisher"; Value = "Altium Hobart Technology Centre"; VariantName = "[No Variations]"
Add component (AddParameter): Name = "SubClass"; Value = "Resistor"; VariantName = "[No Variations]"
Add component (AddParameter): Name = "Value"; Value = "1K"; VariantName = "[No Variations]"
Added Component: Designator=R2(SM-RES-0805)
Add component. Clean all parameters for all variants
Add component (AddParameter): Name = "Class"; Value = "Passive"; VariantName = "[No Variations]"
Add component (AddParameter): Name = "Manufacturer"; Value = "Generic Components"; VariantName = "[No Variations]"
Add component (AddParameter): Name = "Published"; Value = "08/06/2000"; VariantName = "[No Variations]"
Add component (AddParameter): Name = "Publisher"; Value = "Altium Hobart Technology Centre"; VariantName = "[No Variations]"
Add component (AddParameter): Name = "SubClass"; Value = "Resistor"; VariantName = "[No Variations]"
Add component (AddParameter): Name = "Value"; Value = "1K"; VariantName = "[No Variations]"
Added Pin To Net: NetName=3.3V Pin=3.3V-3
Added Pin To Net: NetName=3.3V Pin=3.3V-4
Added Pin To Net: NetName=5V Pin=5V-3
Added Pin To Net: NetName=5V Pin=5V-4
Added Pin To Net: NetName=12V Pin=C2-1
Added Pin To Net: NetName=GND Pin=C2-2
Added Pin To Net: NetName=5V Pin=C4-1
Added Pin To Net: NetName=GND Pin=C4-2
Added Pin To Net: NetName=5V Pin=C5-1
Added Pin To Net: NetName=GND Pin=C5-2
Added Pin To Net: NetName=5V Pin=D1-1
Added Pin To Net: NetName=12V Pin=D1-2
Added Pin To Net: NetName=GND Pin=L1-2
Added Pin To Net: NetName=5V Pin=R1-1
Added Pin To Net: NetName=3.3V Pin=R2-1
Added Pin To Net: NetName=NetFuse_1 Pin=Fuse-1
Added Pin To Net: NetName=NetFuse_1 Pin=Fuse-1
Added Pin To Net: NetName=NetFuse_1 Pin=SW6-4
Added Net: Name=NetFuse_1
Added Pin To Net: NetName=NetL1_1 Pin=L1-1
Added Pin To Net: NetName=NetL1_1 Pin=R1-2
Added Net: Name=NetL1_1
Added Pin To Net: NetName=NetL2_1 Pin=L2-1
Added Pin To Net: NetName=NetL2_1 Pin=R2-2
Added Net: Name=NetL2_1
Added Member To Class: ClassName=BOARD4_quangnguyen Member=Component C2 0.33uF
Added Member To Class: ClassName=BOARD4_quangnguyen Member=Component C4 100uF
Added Member To Class: ClassName=BOARD4_quangnguyen Member=Component C5 10uF
Added Member To Class: ClassName=BOARD4_quangnguyen Member=Component Fuse F1.5A
Added Member To Class: ClassName=BOARD4_quangnguyen Member=Component L1 LED
Added Member To Class: ClassName=BOARD4_quangnguyen Member=Component L2 LED
Added Member To Class: ClassName=BOARD4_quangnguyen Member=Component R1 Res1
Added Member To Class: ClassName=BOARD4_quangnguyen Member=Component R2 Res1
